<?xml version="1.0" encoding="UTF-8"?>
<!-- Generated by org.testng.reporters.JUnitXMLReporter -->
<testsuite ignored="2" hostname="KareemYasser" failures="0" tests="1" name="Default test" time="60.351" errors="0" timestamp="2022-05-17T12:09:29 EET">
  <testcase classname="baimsLogin.Login" name="ValidGmail" time="50.715"/>
  <testcase classname="baimsLogin.Login" name="InvalidGmail" time="0.0">
    <ignored/>
  </testcase> <!-- InvalidGmail -->
  <testcase classname="baimsLogin.Login" name="InvalidGPassword" time="0.0">
    <ignored/>
  </testcase> <!-- InvalidGPassword -->
</testsuite> <!-- Default test -->
